<?xml version="1.0" encoding="UTF-8"?>
<testng-results total="1" passed="1" failed="0" skipped="0">
  <reporter-output>
  </reporter-output>
  <suite started-at="2022-05-26T17:04:25Z" name="Default suite" finished-at="2022-05-26T17:04:42Z" duration-ms="17658">
    <groups>
    </groups>
    <test started-at="2022-05-26T17:04:25Z" name="Default test" finished-at="2022-05-26T17:04:42Z" duration-ms="17658">
      <class name="com.hrms.testscript.TC_004">
        <test-method signature="tc_004()[pri:0, instance:com.hrms.testscript.TC_004@43b9fd5]" started-at="2022-05-26T22:34:25Z" name="tc_004" finished-at="2022-05-26T22:34:42Z" duration-ms="17636" status="PASS">
          <reporter-output>
          </reporter-output>
        </test-method> <!-- tc_004 -->
      </class> <!-- com.hrms.testscript.TC_004 -->
    </test> <!-- Default test -->
  </suite> <!-- Default suite -->
</testng-results>
